<?xml version="1.0" encoding="utf-8"?><testsuites name="pytest tests"><testsuite name="pytest" errors="0" failures="0" skipped="0" tests="83" time="7.613" timestamp="2025-08-31T18:21:54.915044-04:00" hostname="home"><testcase classname="tests.test_grok.test_all" name="test_make_python_c_invalid_python" file="tests\test_grok\test_all.py" line="102" time="0.004" /><testcase classname="tests.test_grok.test_all" name="test_dir_to_zip_bytes_different_compression" file="tests\test_grok\test_all.py" line="194" time="0.009" /><testcase classname="tests.test_grok.test_all" name="test__find_main_package_multiple" file="tests\test_grok\test_all.py" line="205" time="0.014" /><testcase classname="tests.test_grok.test_all" name="test_dir_to_zip_bytes" file="tests\test_grok\test_all.py" line="183" time="0.009" /><testcase classname="tests.test_grok.test_all" name="test__find_main_package" file="tests\test_grok\test_all.py" line="200" time="0.005" /><testcase classname="tests.test_grok.test_all" name="test_render_wrapper_zip" file="tests\test_grok\test_all.py" line="122" time="0.012" /><testcase classname="tests.test_grok.test_all" name="test_make_python_c_with_shebang" file="tests\test_grok\test_all.py" line="90" time="0.120" /><testcase classname="tests.test_grok.test_all" name="test_render_wrapper" file="tests\test_grok\test_all.py" line="130" time="0.003" /><testcase classname="tests.test_grok.test_all" name="test_b64z" file="tests\test_grok\test_all.py" line="67" time="0.002" /><testcase classname="tests.test_grok.test_all" name="test_compress_to_b64_empty" file="tests\test_grok\test_all.py" line="59" time="0.002" /><testcase classname="tests.test_grok.test_all" name="test_dashc_no_shebang" file="tests\test_grok\test_all.py" line="174" time="0.477" /><testcase classname="tests.test_grok.test_all" name="test_b64z_empty" file="tests\test_grok\test_all.py" line="76" time="0.001" /><testcase classname="tests.test_grok.test_all" name="test_dashc_exception" file="tests\test_grok\test_all.py" line="154" time="0.002" /><testcase classname="tests.test_grok.test_all" name="test_make_python_c_simple" file="tests\test_grok\test_all.py" line="84" time="0.105" /><testcase classname="tests.test_grok.test_all" name="test_render_wrapper_plain_invalid_python" file="tests\test_grok\test_all.py" line="147" time="0.002" /><testcase classname="tests.test_grok.test_all" name="test_validate_python_syntax_invalid" file="tests\test_grok\test_all.py" line="244" time="0.001" /><testcase classname="tests.test_grok.test_all" name="test__find_main_package_none" file="tests\test_grok\test_all.py" line="219" time="0.004" /><testcase classname="tests.test_grok.test_all" name="test_render_invalid_template" file="tests\test_grok\test_all.py" line="117" time="0.001" /><testcase classname="tests.test_gpt5.test_core" name="test_make_python_c_single_line_command_syntax_is_ok_for_bash" file="tests\test_gpt5\test_core.py" line="73" time="0.178" /><testcase classname="tests.test_gpt5.test_core" name="test_compress_to_b64_roundtrip_text" file="tests\test_gpt5\test_core.py" line="31" time="0.001" /><testcase classname="tests.test_gpt5.test_core" name="test_b64z_roundtrip_bytes" file="tests\test_gpt5\test_core.py" line="38" time="0.001" /><testcase classname="tests.test_gpt5.test_core" name="test_render_wrapper_zip_import_module_call_function" file="tests\test_gpt5\test_core.py" line="107" time="0.415" /><testcase classname="tests.test_grok.test_all" name="test_validate_bash_syntax_invalid" file="tests\test_grok\test_all.py" line="252" time="0.101" /><testcase classname="tests.test_grok.test_all" name="test_validate_python_syntax_valid" file="tests\test_grok\test_all.py" line="240" time="0.001" /><testcase classname="tests.test_grok.test_all" name="test_dashc_module_auto_entrypoint" file="tests\test_grok\test_all.py" line="224" time="0.401" /><testcase classname="tests.test_gpt5.test_core" name="test_make_python_c_rejects_invalid_python" file="tests\test_gpt5\test_core.py" line="68" time="0.001" /><testcase classname="tests.test_gpt5.test_core" name="test_render_wrapper_plain_exec" file="tests\test_gpt5\test_core.py" line="59" time="0.374" /><testcase classname="tests.test_grok.test_all" name="test_render_wrapper_plain" file="tests\test_grok\test_all.py" line="139" time="0.004" /><testcase classname="tests.test_grok.test_all" name="test_render_valid_template" file="tests\test_grok\test_all.py" line="108" time="0.002" /><testcase classname="tests.test_grok.test_all" name="test_dashc_module_invalid_compression" file="tests\test_grok\test_all.py" line="232" time="0.005" /><testcase classname="tests.test_grok.test_all" name="test_compress_to_b64" file="tests\test_grok\test_all.py" line="50" time="0.001" /><testcase classname="tests.test_grok.test_all" name="test_make_python_c_custom_python_exe" file="tests\test_grok\test_all.py" line="96" time="0.095" /><testcase classname="tests.test_grok.test_all" name="test_dashc_plain_text" file="tests\test_grok\test_all.py" line="162" time="0.100" /><testcase classname="tests.test_grok.test_all" name="test_validate_bash_syntax_valid" file="tests\test_grok\test_all.py" line="248" time="0.106" /><testcase classname="tests.test_gpt5.test_core" name="test_render_wrapper_zip_run_module_exec" file="tests\test_gpt5\test_core.py" line="81" time="0.554" /><testcase classname="tests.test_gpt5.test_core" name="test_render_wrapper_exec_and_virtual_filename" file="tests\test_gpt5\test_core.py" line="45" time="0.521" /><testcase classname="tests.test_gpt5.test_syntax_check" name="test_validate_bash_syntax_valid_and_unterminated_quote" file="tests\test_gpt5\test_syntax_check.py" line="11" time="0.393" /><testcase classname="tests.test_claude.TestCore" name="test_make_python_c_with_shebang" file="tests\test_claude.py" line="107" time="0.132" /><testcase classname="tests.test_claude.TestCore" name="test_render_wrapper_zip" file="tests\test_claude.py" line="132" time="0.005" /><testcase classname="tests.test_claude.TestCore" name="test_render_wrapper_plain_invalid_python" file="tests\test_claude.py" line="156" time="0.001" /><testcase classname="tests.test_claude.TestCore" name="test_render" file="tests\test_claude.py" line="121" time="0.003" /><testcase classname="tests.test_claude.TestCore" name="test_compress_to_b64_unicode" file="tests\test_claude.py" line="84" time="0.002" /><testcase classname="tests.test_claude.TestCore" name="test_compress_to_b64" file="tests\test_claude.py" line="73" time="0.001" /><testcase classname="tests.test_claude.TestCore" name="test_render_wrapper_plain" file="tests\test_claude.py" line="146" time="0.003" /><testcase classname="tests.test_claude.TestCore" name="test_render_wrapper" file="tests\test_claude.py" line="139" time="0.003" /><testcase classname="tests.test_claude.TestCore" name="test_make_python_c_invalid_python" file="tests\test_claude.py" line="116" time="0.001" /><testcase classname="tests.test_claude.TestCore" name="test_make_python_c_simple" file="tests\test_claude.py" line="101" time="0.138" /><testcase classname="tests.test_claude.TestCore" name="test_b64z" file="tests\test_claude.py" line="92" time="0.001" /><testcase classname="tests.test_gpt5.test_syntax_check" name="test_validate_python_syntax_valid_and_invalid" file="tests\test_gpt5\test_syntax_check.py" line="5" time="0.001" /><testcase classname="tests.test_claude.TestBugsAndEdgeCases" name="test_empty_file_handling" file="tests\test_claude.py" line="410" time="0.501" /><testcase classname="tests.test_claude.TestSingleFile" name="test_dashc_no_shebang" file="tests\test_claude.py" line="194" time="0.398" /><testcase classname="tests.test_claude.TestSingleFile" name="test_dashc_compressed" file="tests\test_claude.py" line="165" time="0.425" /><testcase classname="tests.test_claude.TestBugsAndEdgeCases" name="test_bash_validation_fallback" file="tests\test_claude.py" line="499" time="0.004" /><testcase classname="tests.test_claude.TestBugsAndEdgeCases" name="test_package_with_data_files" file="tests\test_claude.py" line="464" time="0.010" /><testcase classname="tests.test_claude.TestBugsAndEdgeCases" name="test_deeply_nested_packages" file="tests\test_claude.py" line="484" time="0.009" /><testcase classname="tests.test_claude.TestBugsAndEdgeCases" name="test_make_python_c_generated_bash_validity" file="tests\test_claude.py" line="512" time="0.606" /><testcase classname="tests.test_claude.TestSingleFile" name="test_dashc_plain_text" file="tests\test_claude.py" line="181" time="0.109" /><testcase classname="tests.test_claude.TestValidateSyntax" name="test_validate_bash_syntax_valid" file="tests\test_claude.py" line="46" time="0.477" /><testcase classname="tests.test_claude.TestBugsAndEdgeCases" name="test_special_characters_in_source" file="tests\test_claude.py" line="442" time="0.107" /><testcase classname="tests.test_claude.TestBugsAndEdgeCases" name="test_argument_passing" file="tests\test_claude.py" line="526" time="0.433" /><testcase classname="tests.test_claude.TestValidateSyntax" name="test_validate_python_syntax_invalid" file="tests\test_claude.py" line="39" time="0.002" /><testcase classname="tests.test_claude.TestValidateSyntax" name="test_validate_bash_syntax_invalid" file="tests\test_claude.py" line="62" time="0.177" /><testcase classname="tests.test_claude.TestValidateSyntax" name="test_validate_python_syntax_valid" file="tests\test_claude.py" line="32" time="0.002" /><testcase classname="tests.test_claude.TestBugsAndEdgeCases" name="test_unicode_in_filenames" file="tests\test_claude.py" line="434" time="0.105" /><testcase classname="tests.test_claude.TestBugsAndEdgeCases" name="test_large_file_compression" file="tests\test_claude.py" line="422" time="0.383" /><testcase classname="tests.test_claude.TestIntegration" name="test_executable_python_code_from_file" file="tests\test_claude.py" line="364" time="0.352" /><testcase classname="tests.test_claude.TestIntegration" name="test_plain_text_preserves_source" file="tests\test_claude.py" line="384" time="0.094" /><testcase classname="tests.test_claude.TestSingleModule" name="test_find_main_package_none" file="tests\test_claude.py" line="282" time="0.006" /><testcase classname="tests.test_claude.TestSingleModule" name="test_dashc_module_auto_entrypoint" file="tests\test_claude.py" line="291" time="0.368" /><testcase classname="tests.test_claude.TestSingleModule" name="test_dir_to_zip_bytes" file="tests\test_claude.py" line="217" time="0.047" /><testcase classname="tests.test_claude.TestSingleModule" name="test_find_main_package_nested" file="tests\test_claude.py" line="256" time="0.004" /><testcase classname="tests.test_claude.TestSingleModule" name="test_find_main_package_single" file="tests\test_claude.py" line="245" time="0.004" /><testcase classname="tests.test_claude.TestSingleModule" name="test_dashc_module_invalid_compression" file="tests\test_claude.py" line="341" time="0.005" /><testcase classname="tests.test_claude.TestSingleModule" name="test_dashc_module_function_entrypoint" file="tests\test_claude.py" line="310" time="0.339" /><testcase classname="tests.test_claude.TestSingleModule" name="test_dashc_module_compression_options" file="tests\test_claude.py" line="325" time="1.457" /><testcase classname="tests.test_claude.TestSingleModule" name="test_dashc_module_no_shebang" file="tests\test_claude.py" line="349" time="0.360" /><testcase classname="tests.test_claude.TestSingleModule" name="test_find_main_package_multiple" file="tests\test_claude.py" line="266" time="0.005" /><testcase classname="tests.test_gpt5.test_file_and_module" name="test_dir_to_zip_bytes_roundtrip" file="tests\test_gpt5\test_file_and_module.py" line="20" time="0.006" /><testcase classname="tests.test_gpt5.test_file_and_module" name="test_wrapper_zip_executes_via_render_and_payload" file="tests\test_gpt5\test_file_and_module.py" line="59" time="0.366" /><testcase classname="tests.test_gpt5.test_file_and_module" name="test_single_file_dashc_plain_text_ok" file="tests\test_gpt5\test_file_and_module.py" line="10" time="0.190" /><testcase classname="tests.test_gpt5.test_file_and_module" name="test__find_main_package_prefers_first_alphabetical" file="tests\test_gpt5\test_file_and_module.py" line="41" time="0.006" /><testcase classname="tests.test_gpt5.test_file_and_module" name="test_dashc_module_returns_a_command_string" file="tests\test_gpt5\test_file_and_module.py" line="78" time="0.648" /><testcase classname="tests.test_claude.TestSingleModule" name="test_compression_map" file="tests\test_claude.py" line="210" time="0.001" /></testsuite></testsuites>